[handleMsg]:  {
  key: {
    remoteJid: '5214721542533@s.whatsapp.net',
    fromMe: false,
    id: '1D9F2008012E3E70E271D61146900461',
    participant: undefined
  },
  messageTimestamp: 1749132249,
  pushName: 'Axel:)',
  broadcast: false,
  message: Message {
    conversation: 'Hola',
    messageContextInfo: MessageContextInfo {
      deviceListMetadata: [DeviceListMetadata],
      deviceListMetadataVersion: 2,
      messageSecret: [Uint8Array]
    }
  },
  body: 'Hola',
  from: '5214721542533'
}
[QUEUE_SE_ENVIO]:  {
  ref: 'ans_4f4db610-7920-4d1a-8e91-ff2121366b53',
  keyword: 'key_a75a316f-32eb-47d4-bc61-0265e6be5dc8',
  answer: 'Hola, soy el asistente de IA de la UTL, ¿En que puedo ayudarte?',
  options: {
    media: null,
    buttons: [],
    capture: false,
    child: null,
    delay: 0,
    idle: null,
    ref: null,
    nested: [],
    keyword: {},
    callback: false
  },
  refSerialize: '5ead31bda29acbb0ceb2349a32696fcc'
}
[QUEUE_SE_ENVIO]:  {
  ref: 'ans_8a149929-9a68-4223-94fd-690210cf6135',
  keyword: 'ans_4f4db610-7920-4d1a-8e91-ff2121366b53',
  answer: 'Haz tu consulta',
  options: {
    media: null,
    buttons: [],
    capture: true,
    child: null,
    delay: 0,
    idle: null,
    ref: null,
    nested: [],
    keyword: {},
    callback: true
  },
  refSerialize: '48f88f0592c0e7c85a48b5a3f8120706'
}
[handleMsg]:  {
  key: {
    remoteJid: '5214721542533@s.whatsapp.net',
    fromMe: false,
    id: 'E5A6D9C8C92223A05C1E9021E3E028FB',
    participant: undefined
  },
  messageTimestamp: 1749132256,
  pushName: 'Axel:)',
  broadcast: false,
  message: Message {
    conversation: 'Carreras',
    messageContextInfo: MessageContextInfo {
      deviceListMetadata: [DeviceListMetadata],
      deviceListMetadataVersion: 2,
      messageSecret: [Uint8Array]
    }
  },
  body: 'Carreras',
  from: '5214721542533'
}
