<<<<<<< HEAD
<<<<<<< HEAD
5214721542533:ENCOLADO ans_d4df5994-2c50-4e86-abe0-379daa6fb4a2
EJECUTANDO:ans_d4df5994-2c50-4e86-abe0-379daa6fb4a2
5214721542533:SUCCESS
5214721542533:ENCOLADO ans_a4d8a713-ab12-493c-b318-fc993eaa8ccb
EJECUTANDO:ans_a4d8a713-ab12-493c-b318-fc993eaa8ccb
5214721542533:SUCCESS
=======
5214721552574:ENCOLADO ans_36cfbb77-4e58-457c-8bb4-32ad1d105df8
EJECUTANDO:ans_36cfbb77-4e58-457c-8bb4-32ad1d105df8
5214721552574:SUCCESS
5214721552574:ENCOLADO ans_69059117-e35c-44ac-8344-4fa65d42a583
EJECUTANDO:ans_69059117-e35c-44ac-8344-4fa65d42a583
5214721552574:SUCCESS
>>>>>>> feature/changeGetPrompt
=======
5214725658628:ENCOLADO ans_e08416b0-29e3-4f85-b0bc-f6a113db93c3
EJECUTANDO:ans_e08416b0-29e3-4f85-b0bc-f6a113db93c3
5214725658628:SUCCESS
>>>>>>> feature/modularizeAnswer
